2013-05-16 21:41:36 Error: [MissingControllerException] Controller class PagesController could not be found.
Exception Attributes: array (
  'class' => 'PagesController',
  'plugin' => NULL,
)
Request URL: /c/lojavirtual/
Stack Trace:
#0 C:\xampp\htdocs\c\lojavirtual\app\webroot\index.php(109): Dispatcher->dispatch(Object(CakeRequest), Object(CakeResponse))
#1 {main}
2013-05-16 21:41:37 Error: [MissingControllerException] Controller class ImgController could not be found.
Exception Attributes: array (
  'class' => 'ImgController',
  'plugin' => NULL,
)
Request URL: /c/lojavirtual/img/cake.power.gif
Stack Trace:
#0 C:\xampp\htdocs\c\lojavirtual\app\webroot\index.php(109): Dispatcher->dispatch(Object(CakeRequest), Object(CakeResponse))
#1 {main}
2013-05-16 21:42:17 Error: [MissingControllerException] Controller class PagesController could not be found.
Exception Attributes: array (
  'class' => 'PagesController',
  'plugin' => NULL,
)
Request URL: /c/lojavirtual/
Stack Trace:
#0 C:\xampp\htdocs\c\lojavirtual\app\webroot\index.php(109): Dispatcher->dispatch(Object(CakeRequest), Object(CakeResponse))
#1 {main}
2013-05-16 21:42:17 Error: [MissingControllerException] Controller class CssController could not be found.
Exception Attributes: array (
  'class' => 'CssController',
  'plugin' => NULL,
)
Request URL: /c/lojavirtual/css/tema.css
Stack Trace:
#0 C:\xampp\htdocs\c\lojavirtual\app\webroot\index.php(109): Dispatcher->dispatch(Object(CakeRequest), Object(CakeResponse))
#1 {main}
2013-05-16 21:42:18 Error: [MissingControllerException] Controller class ImgController could not be found.
Exception Attributes: array (
  'class' => 'ImgController',
  'plugin' => NULL,
)
Request URL: /c/lojavirtual/img/cake.power.gif
Stack Trace:
#0 C:\xampp\htdocs\c\lojavirtual\app\webroot\index.php(109): Dispatcher->dispatch(Object(CakeRequest), Object(CakeResponse))
#1 {main}
2013-05-16 21:48:06 Error: [MissingControllerException] Controller class PagesController could not be found.
Exception Attributes: array (
  'class' => 'PagesController',
  'plugin' => NULL,
)
Request URL: /c/lojavirtual/
Stack Trace:
#0 C:\xampp\htdocs\c\lojavirtual\app\webroot\index.php(109): Dispatcher->dispatch(Object(CakeRequest), Object(CakeResponse))
#1 {main}
2013-05-16 21:48:07 Error: [MissingControllerException] Controller class ImgController could not be found.
Exception Attributes: array (
  'class' => 'ImgController',
  'plugin' => NULL,
)
Request URL: /c/lojavirtual/img/cake.power.gif
Stack Trace:
#0 C:\xampp\htdocs\c\lojavirtual\app\webroot\index.php(109): Dispatcher->dispatch(Object(CakeRequest), Object(CakeResponse))
#1 {main}
2013-05-16 21:51:04 Error: [MissingControllerException] Controller class PagesController could not be found.
Exception Attributes: array (
  'class' => 'PagesController',
  'plugin' => NULL,
)
Request URL: /c/lojavirtual/
Stack Trace:
#0 C:\xampp\htdocs\c\lojavirtual\app\webroot\index.php(109): Dispatcher->dispatch(Object(CakeRequest), Object(CakeResponse))
#1 {main}
2013-05-16 21:51:06 Error: [MissingControllerException] Controller class ImgController could not be found.
Exception Attributes: array (
  'class' => 'ImgController',
  'plugin' => NULL,
)
Request URL: /c/lojavirtual/img/cake.power.gif
Stack Trace:
#0 C:\xampp\htdocs\c\lojavirtual\app\webroot\index.php(109): Dispatcher->dispatch(Object(CakeRequest), Object(CakeResponse))
#1 {main}
2013-05-16 21:51:50 Error: [MissingControllerException] Controller class PagesController could not be found.
Exception Attributes: array (
  'class' => 'PagesController',
  'plugin' => NULL,
)
Request URL: /c/lojavirtual/
Stack Trace:
#0 C:\xampp\htdocs\c\lojavirtual\app\webroot\index.php(109): Dispatcher->dispatch(Object(CakeRequest), Object(CakeResponse))
#1 {main}
2013-05-16 21:51:51 Error: [MissingControllerException] Controller class ImgController could not be found.
Exception Attributes: array (
  'class' => 'ImgController',
  'plugin' => NULL,
)
Request URL: /c/lojavirtual/img/cake.power.gif
Stack Trace:
#0 C:\xampp\htdocs\c\lojavirtual\app\webroot\index.php(109): Dispatcher->dispatch(Object(CakeRequest), Object(CakeResponse))
#1 {main}
2013-05-16 21:52:33 Error: [MissingControllerException] Controller class PagesController could not be found.
Exception Attributes: array (
  'class' => 'PagesController',
  'plugin' => NULL,
)
Request URL: /c/lojavirtual/
Stack Trace:
#0 C:\xampp\htdocs\c\lojavirtual\app\webroot\index.php(109): Dispatcher->dispatch(Object(CakeRequest), Object(CakeResponse))
#1 {main}
2013-05-16 21:52:33 Error: [MissingControllerException] Controller class ImgController could not be found.
Exception Attributes: array (
  'class' => 'ImgController',
  'plugin' => NULL,
)
Request URL: /c/lojavirtual/img/cake.power.gif
Stack Trace:
#0 C:\xampp\htdocs\c\lojavirtual\app\webroot\index.php(109): Dispatcher->dispatch(Object(CakeRequest), Object(CakeResponse))
#1 {main}
2013-05-16 21:54:12 Error: [MissingControllerException] Controller class PagesController could not be found.
Exception Attributes: array (
  'class' => 'PagesController',
  'plugin' => NULL,
)
Request URL: /c/lojavirtual/
Stack Trace:
#0 C:\xampp\htdocs\c\lojavirtual\app\webroot\index.php(109): Dispatcher->dispatch(Object(CakeRequest), Object(CakeResponse))
#1 {main}
2013-05-16 21:54:12 Error: [MissingControllerException] Controller class ImgController could not be found.
Exception Attributes: array (
  'class' => 'ImgController',
  'plugin' => NULL,
)
Request URL: /c/lojavirtual/img/cake.power.gif
Stack Trace:
#0 C:\xampp\htdocs\c\lojavirtual\app\webroot\index.php(109): Dispatcher->dispatch(Object(CakeRequest), Object(CakeResponse))
#1 {main}
2013-05-16 21:54:57 Error: [MissingControllerException] Controller class PagesController could not be found.
Exception Attributes: array (
  'class' => 'PagesController',
  'plugin' => NULL,
)
Request URL: /c/lojavirtual/
Stack Trace:
#0 C:\xampp\htdocs\c\lojavirtual\app\webroot\index.php(109): Dispatcher->dispatch(Object(CakeRequest), Object(CakeResponse))
#1 {main}
2013-05-16 21:54:58 Error: [MissingControllerException] Controller class ImgController could not be found.
Exception Attributes: array (
  'class' => 'ImgController',
  'plugin' => NULL,
)
Request URL: /c/lojavirtual/img/cake.power.gif
Stack Trace:
#0 C:\xampp\htdocs\c\lojavirtual\app\webroot\index.php(109): Dispatcher->dispatch(Object(CakeRequest), Object(CakeResponse))
#1 {main}
2013-05-16 21:55:11 Error: [MissingControllerException] Controller class PagesController could not be found.
Exception Attributes: array (
  'class' => 'PagesController',
  'plugin' => NULL,
)
Request URL: /c/lojavirtual/
Stack Trace:
#0 C:\xampp\htdocs\c\lojavirtual\app\webroot\index.php(109): Dispatcher->dispatch(Object(CakeRequest), Object(CakeResponse))
#1 {main}
2013-05-16 21:55:13 Error: [MissingControllerException] Controller class ImgController could not be found.
Exception Attributes: array (
  'class' => 'ImgController',
  'plugin' => NULL,
)
Request URL: /c/lojavirtual/img/cake.power.gif
Stack Trace:
#0 C:\xampp\htdocs\c\lojavirtual\app\webroot\index.php(109): Dispatcher->dispatch(Object(CakeRequest), Object(CakeResponse))
#1 {main}
2013-05-16 21:56:23 Error: [MissingControllerException] Controller class PagesController could not be found.
Exception Attributes: array (
  'class' => 'PagesController',
  'plugin' => NULL,
)
Request URL: /c/lojavirtual/
Stack Trace:
#0 C:\xampp\htdocs\c\lojavirtual\app\webroot\index.php(109): Dispatcher->dispatch(Object(CakeRequest), Object(CakeResponse))
#1 {main}
2013-05-16 21:56:23 Error: [MissingControllerException] Controller class ImgController could not be found.
Exception Attributes: array (
  'class' => 'ImgController',
  'plugin' => NULL,
)
Request URL: /c/lojavirtual/img/cake.power.gif
Stack Trace:
#0 C:\xampp\htdocs\c\lojavirtual\app\webroot\index.php(109): Dispatcher->dispatch(Object(CakeRequest), Object(CakeResponse))
#1 {main}
2013-05-16 21:57:27 Error: [MissingControllerException] Controller class PagesController could not be found.
Exception Attributes: array (
  'class' => 'PagesController',
  'plugin' => NULL,
)
Request URL: /c/lojavirtual/
Stack Trace:
#0 C:\xampp\htdocs\c\lojavirtual\app\webroot\index.php(109): Dispatcher->dispatch(Object(CakeRequest), Object(CakeResponse))
#1 {main}
2013-05-16 21:57:27 Error: [MissingControllerException] Controller class ImgController could not be found.
Exception Attributes: array (
  'class' => 'ImgController',
  'plugin' => NULL,
)
Request URL: /c/lojavirtual/img/cake.power.gif
Stack Trace:
#0 C:\xampp\htdocs\c\lojavirtual\app\webroot\index.php(109): Dispatcher->dispatch(Object(CakeRequest), Object(CakeResponse))
#1 {main}
2013-05-16 21:58:33 Error: [MissingControllerException] Controller class PagesController could not be found.
Exception Attributes: array (
  'class' => 'PagesController',
  'plugin' => NULL,
)
Request URL: /c/lojavirtual/
Stack Trace:
#0 C:\xampp\htdocs\c\lojavirtual\app\webroot\index.php(109): Dispatcher->dispatch(Object(CakeRequest), Object(CakeResponse))
#1 {main}
2013-05-16 21:58:33 Error: [MissingControllerException] Controller class ImgController could not be found.
Exception Attributes: array (
  'class' => 'ImgController',
  'plugin' => NULL,
)
Request URL: /c/lojavirtual/img/cake.power.gif
Stack Trace:
#0 C:\xampp\htdocs\c\lojavirtual\app\webroot\index.php(109): Dispatcher->dispatch(Object(CakeRequest), Object(CakeResponse))
#1 {main}
2013-05-16 21:59:49 Error: [MissingControllerException] Controller class PagesController could not be found.
Exception Attributes: array (
  'class' => 'PagesController',
  'plugin' => NULL,
)
Request URL: /c/lojavirtual/
Stack Trace:
#0 C:\xampp\htdocs\c\lojavirtual\app\webroot\index.php(109): Dispatcher->dispatch(Object(CakeRequest), Object(CakeResponse))
#1 {main}
2013-05-16 21:59:49 Error: [MissingControllerException] Controller class ImgController could not be found.
Exception Attributes: array (
  'class' => 'ImgController',
  'plugin' => NULL,
)
Request URL: /c/lojavirtual/img/cake.power.gif
Stack Trace:
#0 C:\xampp\htdocs\c\lojavirtual\app\webroot\index.php(109): Dispatcher->dispatch(Object(CakeRequest), Object(CakeResponse))
#1 {main}
2013-05-16 22:00:25 Error: [MissingControllerException] Controller class PagesController could not be found.
Exception Attributes: array (
  'class' => 'PagesController',
  'plugin' => NULL,
)
Request URL: /c/lojavirtual/
Stack Trace:
#0 C:\xampp\htdocs\c\lojavirtual\app\webroot\index.php(109): Dispatcher->dispatch(Object(CakeRequest), Object(CakeResponse))
#1 {main}
2013-05-16 22:00:25 Error: [MissingControllerException] Controller class ImgController could not be found.
Exception Attributes: array (
  'class' => 'ImgController',
  'plugin' => NULL,
)
Request URL: /c/lojavirtual/img/cake.power.gif
Stack Trace:
#0 C:\xampp\htdocs\c\lojavirtual\app\webroot\index.php(109): Dispatcher->dispatch(Object(CakeRequest), Object(CakeResponse))
#1 {main}
2013-05-16 22:01:12 Error: [MissingControllerException] Controller class PagesController could not be found.
Exception Attributes: array (
  'class' => 'PagesController',
  'plugin' => NULL,
)
Request URL: /c/lojavirtual/
Stack Trace:
#0 C:\xampp\htdocs\c\lojavirtual\app\webroot\index.php(109): Dispatcher->dispatch(Object(CakeRequest), Object(CakeResponse))
#1 {main}
2013-05-16 22:01:12 Error: [MissingControllerException] Controller class ImgController could not be found.
Exception Attributes: array (
  'class' => 'ImgController',
  'plugin' => NULL,
)
Request URL: /c/lojavirtual/img/cake.power.gif
Stack Trace:
#0 C:\xampp\htdocs\c\lojavirtual\app\webroot\index.php(109): Dispatcher->dispatch(Object(CakeRequest), Object(CakeResponse))
#1 {main}
2013-05-16 22:01:50 Error: [MissingControllerException] Controller class PagesController could not be found.
Exception Attributes: array (
  'class' => 'PagesController',
  'plugin' => NULL,
)
Request URL: /c/lojavirtual/
Stack Trace:
#0 C:\xampp\htdocs\c\lojavirtual\app\webroot\index.php(109): Dispatcher->dispatch(Object(CakeRequest), Object(CakeResponse))
#1 {main}
2013-05-16 22:01:50 Error: [MissingControllerException] Controller class ImgController could not be found.
Exception Attributes: array (
  'class' => 'ImgController',
  'plugin' => NULL,
)
Request URL: /c/lojavirtual/img/cake.power.gif
Stack Trace:
#0 C:\xampp\htdocs\c\lojavirtual\app\webroot\index.php(109): Dispatcher->dispatch(Object(CakeRequest), Object(CakeResponse))
#1 {main}
2013-05-16 22:02:06 Error: [MissingControllerException] Controller class PagesController could not be found.
Exception Attributes: array (
  'class' => 'PagesController',
  'plugin' => NULL,
)
Request URL: /c/lojavirtual/
Stack Trace:
#0 C:\xampp\htdocs\c\lojavirtual\app\webroot\index.php(109): Dispatcher->dispatch(Object(CakeRequest), Object(CakeResponse))
#1 {main}
2013-05-16 22:02:07 Error: [MissingControllerException] Controller class ImgController could not be found.
Exception Attributes: array (
  'class' => 'ImgController',
  'plugin' => NULL,
)
Request URL: /c/lojavirtual/img/cake.power.gif
Stack Trace:
#0 C:\xampp\htdocs\c\lojavirtual\app\webroot\index.php(109): Dispatcher->dispatch(Object(CakeRequest), Object(CakeResponse))
#1 {main}
2013-05-16 22:04:10 Error: [MissingControllerException] Controller class PagesController could not be found.
Exception Attributes: array (
  'class' => 'PagesController',
  'plugin' => NULL,
)
Request URL: /c/lojavirtual/
Stack Trace:
#0 C:\xampp\htdocs\c\lojavirtual\app\webroot\index.php(109): Dispatcher->dispatch(Object(CakeRequest), Object(CakeResponse))
#1 {main}
2013-05-16 22:04:23 Error: [MissingControllerException] Controller class PagesController could not be found.
Exception Attributes: array (
  'class' => 'PagesController',
  'plugin' => NULL,
)
Request URL: /c/lojavirtual/
Stack Trace:
#0 C:\xampp\htdocs\c\lojavirtual\app\webroot\index.php(109): Dispatcher->dispatch(Object(CakeRequest), Object(CakeResponse))
#1 {main}
2013-05-16 22:04:49 Error: [MissingControllerException] Controller class PagesController could not be found.
Exception Attributes: array (
  'class' => 'PagesController',
  'plugin' => NULL,
)
Request URL: /c/lojavirtual/
Stack Trace:
#0 C:\xampp\htdocs\c\lojavirtual\app\webroot\index.php(109): Dispatcher->dispatch(Object(CakeRequest), Object(CakeResponse))
#1 {main}
2013-05-16 22:05:14 Error: [MissingControllerException] Controller class PagesController could not be found.
Exception Attributes: array (
  'class' => 'PagesController',
  'plugin' => NULL,
)
Request URL: /c/lojavirtual/
Stack Trace:
#0 C:\xampp\htdocs\c\lojavirtual\app\webroot\index.php(109): Dispatcher->dispatch(Object(CakeRequest), Object(CakeResponse))
#1 {main}
2013-05-16 22:05:35 Error: [MissingControllerException] Controller class PagesController could not be found.
Exception Attributes: array (
  'class' => 'PagesController',
  'plugin' => NULL,
)
Request URL: /c/lojavirtual/
Stack Trace:
#0 C:\xampp\htdocs\c\lojavirtual\app\webroot\index.php(109): Dispatcher->dispatch(Object(CakeRequest), Object(CakeResponse))
#1 {main}
2013-05-16 22:06:23 Error: [MissingControllerException] Controller class PagesController could not be found.
Exception Attributes: array (
  'class' => 'PagesController',
  'plugin' => NULL,
)
Request URL: /c/lojavirtual/
Stack Trace:
#0 C:\xampp\htdocs\c\lojavirtual\app\webroot\index.php(109): Dispatcher->dispatch(Object(CakeRequest), Object(CakeResponse))
#1 {main}
2013-05-16 22:06:50 Error: [MissingControllerException] Controller class PagesController could not be found.
Exception Attributes: array (
  'class' => 'PagesController',
  'plugin' => NULL,
)
Request URL: /c/lojavirtual/
Stack Trace:
#0 C:\xampp\htdocs\c\lojavirtual\app\webroot\index.php(109): Dispatcher->dispatch(Object(CakeRequest), Object(CakeResponse))
#1 {main}
2013-05-16 22:07:02 Error: [MissingControllerException] Controller class PagesController could not be found.
Exception Attributes: array (
  'class' => 'PagesController',
  'plugin' => NULL,
)
Request URL: /c/lojavirtual/
Stack Trace:
#0 C:\xampp\htdocs\c\lojavirtual\app\webroot\index.php(109): Dispatcher->dispatch(Object(CakeRequest), Object(CakeResponse))
#1 {main}
2013-05-16 22:07:36 Error: [MissingControllerException] Controller class PagesController could not be found.
Exception Attributes: array (
  'class' => 'PagesController',
  'plugin' => NULL,
)
Request URL: /c/lojavirtual/
Stack Trace:
#0 C:\xampp\htdocs\c\lojavirtual\app\webroot\index.php(109): Dispatcher->dispatch(Object(CakeRequest), Object(CakeResponse))
#1 {main}
2013-05-16 22:07:53 Error: [MissingControllerException] Controller class PagesController could not be found.
Exception Attributes: array (
  'class' => 'PagesController',
  'plugin' => NULL,
)
Request URL: /c/lojavirtual/
Stack Trace:
#0 C:\xampp\htdocs\c\lojavirtual\app\webroot\index.php(109): Dispatcher->dispatch(Object(CakeRequest), Object(CakeResponse))
#1 {main}
2013-05-16 22:08:16 Error: [MissingControllerException] Controller class PagesController could not be found.
Exception Attributes: array (
  'class' => 'PagesController',
  'plugin' => NULL,
)
Request URL: /c/lojavirtual/
Stack Trace:
#0 C:\xampp\htdocs\c\lojavirtual\app\webroot\index.php(109): Dispatcher->dispatch(Object(CakeRequest), Object(CakeResponse))
#1 {main}
2013-05-16 22:14:10 Error: [MissingControllerException] Controller class PagesController could not be found.
Exception Attributes: array (
  'class' => 'PagesController',
  'plugin' => NULL,
)
Request URL: /c/lojavirtual/
Stack Trace:
#0 C:\xampp\htdocs\c\lojavirtual\app\webroot\index.php(109): Dispatcher->dispatch(Object(CakeRequest), Object(CakeResponse))
#1 {main}
2013-05-16 22:14:43 Error: [MissingControllerException] Controller class PagesController could not be found.
Exception Attributes: array (
  'class' => 'PagesController',
  'plugin' => NULL,
)
Request URL: /c/lojavirtual/
Stack Trace:
#0 C:\xampp\htdocs\c\lojavirtual\app\webroot\index.php(109): Dispatcher->dispatch(Object(CakeRequest), Object(CakeResponse))
#1 {main}
2013-05-16 22:15:27 Error: [MissingControllerException] Controller class PagesController could not be found.
Exception Attributes: array (
  'class' => 'PagesController',
  'plugin' => NULL,
)
Request URL: /c/lojavirtual/
Stack Trace:
#0 C:\xampp\htdocs\c\lojavirtual\app\webroot\index.php(109): Dispatcher->dispatch(Object(CakeRequest), Object(CakeResponse))
#1 {main}
2013-05-16 22:15:43 Error: [MissingControllerException] Controller class PagesController could not be found.
Exception Attributes: array (
  'class' => 'PagesController',
  'plugin' => NULL,
)
Request URL: /c/lojavirtual/
Stack Trace:
#0 C:\xampp\htdocs\c\lojavirtual\app\webroot\index.php(109): Dispatcher->dispatch(Object(CakeRequest), Object(CakeResponse))
#1 {main}
2013-05-16 22:18:47 Error: [MissingControllerException] Controller class PagesController could not be found.
Exception Attributes: array (
  'class' => 'PagesController',
  'plugin' => NULL,
)
Request URL: /c/lojavirtual/
Stack Trace:
#0 C:\xampp\htdocs\c\lojavirtual\app\webroot\index.php(109): Dispatcher->dispatch(Object(CakeRequest), Object(CakeResponse))
#1 {main}
2013-05-16 22:18:49 Error: [MissingControllerException] Controller class PagesController could not be found.
Exception Attributes: array (
  'class' => 'PagesController',
  'plugin' => NULL,
)
Request URL: /c/lojavirtual/
Stack Trace:
#0 C:\xampp\htdocs\c\lojavirtual\app\webroot\index.php(109): Dispatcher->dispatch(Object(CakeRequest), Object(CakeResponse))
#1 {main}
2013-05-16 22:18:56 Error: [MissingControllerException] Controller class PagesController could not be found.
Exception Attributes: array (
  'class' => 'PagesController',
  'plugin' => NULL,
)
Request URL: /c/lojavirtual/
Stack Trace:
#0 C:\xampp\htdocs\c\lojavirtual\app\webroot\index.php(109): Dispatcher->dispatch(Object(CakeRequest), Object(CakeResponse))
#1 {main}
2013-05-16 22:21:32 Error: [MissingControllerException] Controller class PagesController could not be found.
Exception Attributes: array (
  'class' => 'PagesController',
  'plugin' => NULL,
)
Request URL: /c/lojavirtual/
Stack Trace:
#0 C:\xampp\htdocs\c\lojavirtual\app\webroot\index.php(109): Dispatcher->dispatch(Object(CakeRequest), Object(CakeResponse))
#1 {main}
2013-05-16 22:28:28 Error: [MissingControllerException] Controller class PagesController could not be found.
Exception Attributes: array (
  'class' => 'PagesController',
  'plugin' => NULL,
)
Request URL: /c/lojavirtual/
Stack Trace:
#0 C:\xampp\htdocs\c\lojavirtual\app\webroot\index.php(109): Dispatcher->dispatch(Object(CakeRequest), Object(CakeResponse))
#1 {main}
2013-05-16 22:30:22 Error: [MissingControllerException] Controller class PagesController could not be found.
Exception Attributes: array (
  'class' => 'PagesController',
  'plugin' => NULL,
)
Request URL: /c/lojavirtual/
Stack Trace:
#0 C:\xampp\htdocs\c\lojavirtual\app\webroot\index.php(109): Dispatcher->dispatch(Object(CakeRequest), Object(CakeResponse))
#1 {main}
2013-05-16 22:31:18 Error: [MissingControllerException] Controller class PagesController could not be found.
Exception Attributes: array (
  'class' => 'PagesController',
  'plugin' => NULL,
)
Request URL: /c/lojavirtual/
Stack Trace:
#0 C:\xampp\htdocs\c\lojavirtual\app\webroot\index.php(109): Dispatcher->dispatch(Object(CakeRequest), Object(CakeResponse))
#1 {main}
2013-05-16 22:32:41 Error: [MissingControllerException] Controller class PagesController could not be found.
Exception Attributes: array (
  'class' => 'PagesController',
  'plugin' => NULL,
)
Request URL: /c/lojavirtual/
Stack Trace:
#0 C:\xampp\htdocs\c\lojavirtual\app\webroot\index.php(109): Dispatcher->dispatch(Object(CakeRequest), Object(CakeResponse))
#1 {main}
2013-05-16 22:32:58 Error: [MissingControllerException] Controller class PagesController could not be found.
Exception Attributes: array (
  'class' => 'PagesController',
  'plugin' => NULL,
)
Request URL: /c/lojavirtual/
Stack Trace:
#0 C:\xampp\htdocs\c\lojavirtual\app\webroot\index.php(109): Dispatcher->dispatch(Object(CakeRequest), Object(CakeResponse))
#1 {main}
2013-05-16 22:33:36 Error: [MissingControllerException] Controller class PagesController could not be found.
Exception Attributes: array (
  'class' => 'PagesController',
  'plugin' => NULL,
)
Request URL: /c/lojavirtual/
Stack Trace:
#0 C:\xampp\htdocs\c\lojavirtual\app\webroot\index.php(109): Dispatcher->dispatch(Object(CakeRequest), Object(CakeResponse))
#1 {main}
2013-05-16 22:34:20 Error: [MissingControllerException] Controller class PagesController could not be found.
Exception Attributes: array (
  'class' => 'PagesController',
  'plugin' => NULL,
)
Request URL: /c/lojavirtual/
Stack Trace:
#0 C:\xampp\htdocs\c\lojavirtual\app\webroot\index.php(109): Dispatcher->dispatch(Object(CakeRequest), Object(CakeResponse))
#1 {main}
2013-05-16 22:34:30 Error: [MissingControllerException] Controller class PagesController could not be found.
Exception Attributes: array (
  'class' => 'PagesController',
  'plugin' => NULL,
)
Request URL: /c/lojavirtual/
Stack Trace:
#0 C:\xampp\htdocs\c\lojavirtual\app\webroot\index.php(109): Dispatcher->dispatch(Object(CakeRequest), Object(CakeResponse))
#1 {main}
2013-05-16 22:34:54 Error: [MissingControllerException] Controller class PagesController could not be found.
Exception Attributes: array (
  'class' => 'PagesController',
  'plugin' => NULL,
)
Request URL: /c/lojavirtual/
Stack Trace:
#0 C:\xampp\htdocs\c\lojavirtual\app\webroot\index.php(109): Dispatcher->dispatch(Object(CakeRequest), Object(CakeResponse))
#1 {main}
2013-05-16 22:35:07 Error: [MissingControllerException] Controller class PagesController could not be found.
Exception Attributes: array (
  'class' => 'PagesController',
  'plugin' => NULL,
)
Request URL: /c/lojavirtual/
Stack Trace:
#0 C:\xampp\htdocs\c\lojavirtual\app\webroot\index.php(109): Dispatcher->dispatch(Object(CakeRequest), Object(CakeResponse))
#1 {main}
2013-05-16 22:40:33 Error: [MissingControllerException] Controller class PagesController could not be found.
Exception Attributes: array (
  'class' => 'PagesController',
  'plugin' => NULL,
)
Request URL: /c/lojavirtual/
Stack Trace:
#0 C:\xampp\htdocs\c\lojavirtual\app\webroot\index.php(109): Dispatcher->dispatch(Object(CakeRequest), Object(CakeResponse))
#1 {main}
2013-05-16 22:40:48 Error: [MissingControllerException] Controller class PagesController could not be found.
Exception Attributes: array (
  'class' => 'PagesController',
  'plugin' => NULL,
)
Request URL: /c/lojavirtual/
Stack Trace:
#0 C:\xampp\htdocs\c\lojavirtual\app\webroot\index.php(109): Dispatcher->dispatch(Object(CakeRequest), Object(CakeResponse))
#1 {main}
2013-05-16 22:42:13 Error: [MissingControllerException] Controller class PagesController could not be found.
Exception Attributes: array (
  'class' => 'PagesController',
  'plugin' => NULL,
)
Request URL: /c/lojavirtual/
Stack Trace:
#0 C:\xampp\htdocs\c\lojavirtual\app\webroot\index.php(109): Dispatcher->dispatch(Object(CakeRequest), Object(CakeResponse))
#1 {main}
2013-05-16 22:43:53 Error: [MissingControllerException] Controller class PagesController could not be found.
Exception Attributes: array (
  'class' => 'PagesController',
  'plugin' => NULL,
)
Request URL: /c/lojavirtual/
Stack Trace:
#0 C:\xampp\htdocs\c\lojavirtual\app\webroot\index.php(109): Dispatcher->dispatch(Object(CakeRequest), Object(CakeResponse))
#1 {main}
2013-05-16 22:44:17 Error: [MissingControllerException] Controller class PagesController could not be found.
Exception Attributes: array (
  'class' => 'PagesController',
  'plugin' => NULL,
)
Request URL: /c/lojavirtual/
Stack Trace:
#0 C:\xampp\htdocs\c\lojavirtual\app\webroot\index.php(109): Dispatcher->dispatch(Object(CakeRequest), Object(CakeResponse))
#1 {main}
2013-05-16 22:44:57 Error: [MissingControllerException] Controller class PagesController could not be found.
Exception Attributes: array (
  'class' => 'PagesController',
  'plugin' => NULL,
)
Request URL: /c/lojavirtual/
Stack Trace:
#0 C:\xampp\htdocs\c\lojavirtual\app\webroot\index.php(109): Dispatcher->dispatch(Object(CakeRequest), Object(CakeResponse))
#1 {main}
2013-05-16 22:45:04 Error: [MissingControllerException] Controller class PagesController could not be found.
Exception Attributes: array (
  'class' => 'PagesController',
  'plugin' => NULL,
)
Request URL: /c/lojavirtual/
Stack Trace:
#0 C:\xampp\htdocs\c\lojavirtual\app\webroot\index.php(109): Dispatcher->dispatch(Object(CakeRequest), Object(CakeResponse))
#1 {main}
2013-05-16 22:45:17 Error: [MissingControllerException] Controller class PagesController could not be found.
Exception Attributes: array (
  'class' => 'PagesController',
  'plugin' => NULL,
)
Request URL: /c/lojavirtual/
Stack Trace:
#0 C:\xampp\htdocs\c\lojavirtual\app\webroot\index.php(109): Dispatcher->dispatch(Object(CakeRequest), Object(CakeResponse))
#1 {main}
2013-05-16 22:51:24 Error: [MissingControllerException] Controller class PagesController could not be found.
Exception Attributes: array (
  'class' => 'PagesController',
  'plugin' => NULL,
)
Request URL: /c/lojavirtual/
Stack Trace:
#0 C:\xampp\htdocs\c\lojavirtual\app\webroot\index.php(109): Dispatcher->dispatch(Object(CakeRequest), Object(CakeResponse))
#1 {main}
2013-05-16 22:51:35 Error: [MissingControllerException] Controller class PagesController could not be found.
Exception Attributes: array (
  'class' => 'PagesController',
  'plugin' => NULL,
)
Request URL: /c/lojavirtual/
Stack Trace:
#0 C:\xampp\htdocs\c\lojavirtual\app\webroot\index.php(109): Dispatcher->dispatch(Object(CakeRequest), Object(CakeResponse))
#1 {main}
2013-05-16 22:51:44 Error: [MissingControllerException] Controller class AdminController could not be found.
Exception Attributes: array (
  'class' => 'AdminController',
  'plugin' => NULL,
)
Request URL: /c/lojavirtual/admin
Stack Trace:
#0 C:\xampp\htdocs\c\lojavirtual\app\webroot\index.php(109): Dispatcher->dispatch(Object(CakeRequest), Object(CakeResponse))
#1 {main}
2013-05-16 22:52:01 Error: [MissingControllerException] Controller class ControllerController could not be found.
Exception Attributes: array (
  'class' => 'ControllerController',
  'plugin' => NULL,
)
Request URL: /c/lojavirtual/admin/Controller/Action
Stack Trace:
#0 C:\xampp\htdocs\c\lojavirtual\app\webroot\index.php(109): Dispatcher->dispatch(Object(CakeRequest), Object(CakeResponse))
#1 {main}
2013-05-16 22:52:53 Error: [MissingControllerException] Controller class ControllerController could not be found.
Exception Attributes: array (
  'class' => 'ControllerController',
  'plugin' => NULL,
)
Request URL: /c/lojavirtual/admin/Controller/Action
Stack Trace:
#0 C:\xampp\htdocs\c\lojavirtual\app\webroot\index.php(109): Dispatcher->dispatch(Object(CakeRequest), Object(CakeResponse))
#1 {main}
2013-05-16 22:54:12 Error: [MissingControllerException] Controller class ControllerController could not be found.
Exception Attributes: array (
  'class' => 'ControllerController',
  'plugin' => NULL,
)
Request URL: /c/lojavirtual/admin/Controller/Action
Stack Trace:
#0 C:\xampp\htdocs\c\lojavirtual\app\webroot\index.php(109): Dispatcher->dispatch(Object(CakeRequest), Object(CakeResponse))
#1 {main}
2013-05-16 22:54:35 Error: [MissingControllerException] Controller class ControllerController could not be found.
Exception Attributes: array (
  'class' => 'ControllerController',
  'plugin' => NULL,
)
Request URL: /c/lojavirtual/admin/Controller/Action
Stack Trace:
#0 C:\xampp\htdocs\c\lojavirtual\app\webroot\index.php(109): Dispatcher->dispatch(Object(CakeRequest), Object(CakeResponse))
#1 {main}
2013-05-16 22:54:49 Error: [MissingControllerException] Controller class ControllerController could not be found.
Exception Attributes: array (
  'class' => 'ControllerController',
  'plugin' => NULL,
)
Request URL: /c/lojavirtual/admin/Controller/Action
Stack Trace:
#0 C:\xampp\htdocs\c\lojavirtual\app\webroot\index.php(109): Dispatcher->dispatch(Object(CakeRequest), Object(CakeResponse))
#1 {main}
2013-05-16 22:54:56 Error: [MissingControllerException] Controller class ControllerController could not be found.
Exception Attributes: array (
  'class' => 'ControllerController',
  'plugin' => NULL,
)
Request URL: /c/lojavirtual/admin/Controller/Action
Stack Trace:
#0 C:\xampp\htdocs\c\lojavirtual\app\webroot\index.php(109): Dispatcher->dispatch(Object(CakeRequest), Object(CakeResponse))
#1 {main}
2013-05-16 22:55:03 Error: [MissingControllerException] Controller class AjaxController could not be found.
Exception Attributes: array (
  'class' => 'AjaxController',
  'plugin' => NULL,
)
Request URL: /c/lojavirtual/ajax/Controller/Action
Stack Trace:
#0 C:\xampp\htdocs\c\lojavirtual\app\webroot\index.php(109): Dispatcher->dispatch(Object(CakeRequest), Object(CakeResponse))
#1 {main}
2013-05-16 22:55:06 Error: [MissingControllerException] Controller class AjaxController could not be found.
Exception Attributes: array (
  'class' => 'AjaxController',
  'plugin' => NULL,
)
Request URL: /c/lojavirtual/ajax/Controller/Action
Stack Trace:
#0 C:\xampp\htdocs\c\lojavirtual\app\webroot\index.php(109): Dispatcher->dispatch(Object(CakeRequest), Object(CakeResponse))
#1 {main}
2013-05-16 22:55:24 Error: [MissingControllerException] Controller class ControllerController could not be found.
Exception Attributes: array (
  'class' => 'ControllerController',
  'plugin' => NULL,
)
Request URL: /c/lojavirtual/ajax/Controller/Action
Stack Trace:
#0 C:\xampp\htdocs\c\lojavirtual\app\webroot\index.php(109): Dispatcher->dispatch(Object(CakeRequest), Object(CakeResponse))
#1 {main}
2013-05-16 22:55:30 Error: [MissingControllerException] Controller class ControllerController could not be found.
Exception Attributes: array (
  'class' => 'ControllerController',
  'plugin' => NULL,
)
Request URL: /c/lojavirtual/ajax/Controller/Action
Stack Trace:
#0 C:\xampp\htdocs\c\lojavirtual\app\webroot\index.php(109): Dispatcher->dispatch(Object(CakeRequest), Object(CakeResponse))
#1 {main}
2013-05-16 22:56:12 Error: [MissingControllerException] Controller class ControllerController could not be found.
Exception Attributes: array (
  'class' => 'ControllerController',
  'plugin' => NULL,
)
Request URL: /c/lojavirtual/ajax/Controller/Action
Stack Trace:
#0 C:\xampp\htdocs\c\lojavirtual\app\webroot\index.php(109): Dispatcher->dispatch(Object(CakeRequest), Object(CakeResponse))
#1 {main}
2013-05-16 22:56:43 Error: [MissingControllerException] Controller class ControllerController could not be found.
Exception Attributes: array (
  'class' => 'ControllerController',
  'plugin' => NULL,
)
Request URL: /c/lojavirtual/ajax/Controller/Action
Stack Trace:
#0 C:\xampp\htdocs\c\lojavirtual\app\webroot\index.php(109): Dispatcher->dispatch(Object(CakeRequest), Object(CakeResponse))
#1 {main}
2013-05-16 22:56:52 Error: [MissingControllerException] Controller class ControllerController could not be found.
Exception Attributes: array (
  'class' => 'ControllerController',
  'plugin' => NULL,
)
Request URL: /c/lojavirtual/ajax/Controller/Action
Stack Trace:
#0 C:\xampp\htdocs\c\lojavirtual\app\webroot\index.php(109): Dispatcher->dispatch(Object(CakeRequest), Object(CakeResponse))
#1 {main}
2013-05-16 22:56:57 Error: [MissingControllerException] Controller class ControllerController could not be found.
Exception Attributes: array (
  'class' => 'ControllerController',
  'plugin' => NULL,
)
Request URL: /c/lojavirtual/ajax/Controller/Action
Stack Trace:
#0 C:\xampp\htdocs\c\lojavirtual\app\webroot\index.php(109): Dispatcher->dispatch(Object(CakeRequest), Object(CakeResponse))
#1 {main}
2013-05-16 22:57:15 Error: [MissingControllerException] Controller class ControllerController could not be found.
Exception Attributes: array (
  'class' => 'ControllerController',
  'plugin' => NULL,
)
Request URL: /c/lojavirtual/ajax/Controller/Action
Stack Trace:
#0 C:\xampp\htdocs\c\lojavirtual\app\webroot\index.php(109): Dispatcher->dispatch(Object(CakeRequest), Object(CakeResponse))
#1 {main}
2013-05-16 22:57:37 Error: [MissingControllerException] Controller class ControllerController could not be found.
Exception Attributes: array (
  'class' => 'ControllerController',
  'plugin' => NULL,
)
Request URL: /c/lojavirtual/admin/Controller/Action
Stack Trace:
#0 C:\xampp\htdocs\c\lojavirtual\app\webroot\index.php(109): Dispatcher->dispatch(Object(CakeRequest), Object(CakeResponse))
#1 {main}
2013-05-16 22:57:54 Error: [MissingControllerException] Controller class ControllerController could not be found.
Exception Attributes: array (
  'class' => 'ControllerController',
  'plugin' => NULL,
)
Request URL: /c/lojavirtual/admin/Controller/Action
Stack Trace:
#0 C:\xampp\htdocs\c\lojavirtual\app\webroot\index.php(109): Dispatcher->dispatch(Object(CakeRequest), Object(CakeResponse))
#1 {main}
2013-05-16 22:57:55 Error: Fatal Error (4): syntax error, unexpected '[', expecting identifier (T_STRING) or variable (T_VARIABLE) or '{' or '$' in [C:\xampp\htdocs\c\lojavirtual\app\Controller\AppController.php, line 42]
2013-05-16 22:57:55 Error: [FatalErrorException] syntax error, unexpected '[', expecting identifier (T_STRING) or variable (T_VARIABLE) or '{' or '$'
Request URL: /c/lojavirtual/admin/Controller/Action
Stack Trace:
#0 C:\xampp\htdocs\c\lojavirtual\lib\Cake\Error\ErrorHandler.php(184): ErrorHandler::handleFatalError(4, 'syntax error, u...', 'C:\xampp\htdocs...', 42)
#1 [internal function]: ErrorHandler::handleError(4, 'syntax error, u...', 'C:\xampp\htdocs...', 42, Array)
#2 C:\xampp\htdocs\c\lojavirtual\lib\Cake\Core\App.php(926): call_user_func('ErrorHandler::h...', 4, 'syntax error, u...', 'C:\xampp\htdocs...', 42, Array)
#3 C:\xampp\htdocs\c\lojavirtual\lib\Cake\Core\App.php(899): App::_checkFatalError()
#4 [internal function]: App::shutdown()
#5 {main}
2013-05-16 22:58:03 Error: [MissingControllerException] Controller class ControllerController could not be found.
Exception Attributes: array (
  'class' => 'ControllerController',
  'plugin' => NULL,
)
Request URL: /c/lojavirtual/admin/Controller/Action
Stack Trace:
#0 C:\xampp\htdocs\c\lojavirtual\app\webroot\index.php(109): Dispatcher->dispatch(Object(CakeRequest), Object(CakeResponse))
#1 {main}
2013-05-16 22:58:10 Error: [MissingControllerException] Controller class ControllerController could not be found.
Exception Attributes: array (
  'class' => 'ControllerController',
  'plugin' => NULL,
)
Request URL: /c/lojavirtual/ajax/Controller/Action
Stack Trace:
#0 C:\xampp\htdocs\c\lojavirtual\app\webroot\index.php(109): Dispatcher->dispatch(Object(CakeRequest), Object(CakeResponse))
#1 {main}
2013-05-16 22:58:40 Error: [MissingControllerException] Controller class ControllerController could not be found.
Exception Attributes: array (
  'class' => 'ControllerController',
  'plugin' => NULL,
)
Request URL: /c/lojavirtual/ajax/Controller/Action
Stack Trace:
#0 C:\xampp\htdocs\c\lojavirtual\app\webroot\index.php(109): Dispatcher->dispatch(Object(CakeRequest), Object(CakeResponse))
#1 {main}
2013-05-16 22:58:48 Error: [MissingControllerException] Controller class ControllerController could not be found.
Exception Attributes: array (
  'class' => 'ControllerController',
  'plugin' => NULL,
)
Request URL: /c/lojavirtual/ajax/Controller/Action
Stack Trace:
#0 C:\xampp\htdocs\c\lojavirtual\app\webroot\index.php(109): Dispatcher->dispatch(Object(CakeRequest), Object(CakeResponse))
#1 {main}
2013-05-16 22:58:49 Error: [MissingControllerException] Controller class ControllerController could not be found.
Exception Attributes: array (
  'class' => 'ControllerController',
  'plugin' => NULL,
)
Request URL: /c/lojavirtual/ajax/Controller/Action
Stack Trace:
#0 C:\xampp\htdocs\c\lojavirtual\app\webroot\index.php(109): Dispatcher->dispatch(Object(CakeRequest), Object(CakeResponse))
#1 {main}
2013-05-16 22:58:57 Error: [MissingControllerException] Controller class ControllerController could not be found.
Exception Attributes: array (
  'class' => 'ControllerController',
  'plugin' => NULL,
)
Request URL: /c/lojavirtual/ajax/Controller/Action
Stack Trace:
#0 C:\xampp\htdocs\c\lojavirtual\app\webroot\index.php(109): Dispatcher->dispatch(Object(CakeRequest), Object(CakeResponse))
#1 {main}
2013-05-16 22:59:02 Error: [MissingControllerException] Controller class ControllerController could not be found.
Exception Attributes: array (
  'class' => 'ControllerController',
  'plugin' => NULL,
)
Request URL: /c/lojavirtual/admin/Controller/Action
Stack Trace:
#0 C:\xampp\htdocs\c\lojavirtual\app\webroot\index.php(109): Dispatcher->dispatch(Object(CakeRequest), Object(CakeResponse))
#1 {main}
2013-05-16 22:59:07 Error: [MissingControllerException] Controller class ControllerController could not be found.
Exception Attributes: array (
  'class' => 'ControllerController',
  'plugin' => NULL,
)
Request URL: /c/lojavirtual/Controller/Action
Stack Trace:
#0 C:\xampp\htdocs\c\lojavirtual\app\webroot\index.php(109): Dispatcher->dispatch(Object(CakeRequest), Object(CakeResponse))
#1 {main}
2013-05-16 22:59:32 Error: [MissingControllerException] Controller class ControllerController could not be found.
Exception Attributes: array (
  'class' => 'ControllerController',
  'plugin' => NULL,
)
Request URL: /c/lojavirtual/Controller/Action
Stack Trace:
#0 C:\xampp\htdocs\c\lojavirtual\app\webroot\index.php(109): Dispatcher->dispatch(Object(CakeRequest), Object(CakeResponse))
#1 {main}
2013-05-16 22:59:51 Error: [MissingControllerException] Controller class ControllerController could not be found.
Exception Attributes: array (
  'class' => 'ControllerController',
  'plugin' => NULL,
)
Request URL: /c/lojavirtual/Controller/Action
Stack Trace:
#0 C:\xampp\htdocs\c\lojavirtual\app\webroot\index.php(109): Dispatcher->dispatch(Object(CakeRequest), Object(CakeResponse))
#1 {main}
2013-05-16 23:00:47 Error: [MissingControllerException] Controller class ControllerController could not be found.
Exception Attributes: array (
  'class' => 'ControllerController',
  'plugin' => NULL,
)
Request URL: /c/lojavirtual/Controller/Action
Stack Trace:
#0 C:\xampp\htdocs\c\lojavirtual\app\webroot\index.php(109): Dispatcher->dispatch(Object(CakeRequest), Object(CakeResponse))
#1 {main}
2013-05-16 23:02:28 Error: [MissingControllerException] Controller class ControllerController could not be found.
Exception Attributes: array (
  'class' => 'ControllerController',
  'plugin' => NULL,
)
Request URL: /c/lojavirtual/Controller/Action
Stack Trace:
#0 C:\xampp\htdocs\c\lojavirtual\app\webroot\index.php(109): Dispatcher->dispatch(Object(CakeRequest), Object(CakeResponse))
#1 {main}
2013-05-16 23:02:39 Error: [MissingControllerException] Controller class ControllerController could not be found.
Exception Attributes: array (
  'class' => 'ControllerController',
  'plugin' => NULL,
)
Request URL: /c/lojavirtual/admin/Controller/Action
Stack Trace:
#0 C:\xampp\htdocs\c\lojavirtual\app\webroot\index.php(109): Dispatcher->dispatch(Object(CakeRequest), Object(CakeResponse))
#1 {main}
2013-05-16 23:05:06 Error: [MissingControllerException] Controller class ControllerController could not be found.
Exception Attributes: array (
  'class' => 'ControllerController',
  'plugin' => NULL,
)
Request URL: /c/lojavirtual/admin/Controller/Action
Stack Trace:
#0 C:\xampp\htdocs\c\lojavirtual\app\webroot\index.php(109): Dispatcher->dispatch(Object(CakeRequest), Object(CakeResponse))
#1 {main}
2013-05-17 14:03:02 Error: [MissingControllerException] Controller class PagesController could not be found.
Exception Attributes: array (
  'class' => 'PagesController',
  'plugin' => NULL,
)
Request URL: /c/lojavirtual/
Stack Trace:
#0 C:\xampp\htdocs\c\lojavirtual\app\webroot\index.php(109): Dispatcher->dispatch(Object(CakeRequest), Object(CakeResponse))
#1 {main}
2013-05-17 14:04:05 Error: [MissingControllerException] Controller class PagesController could not be found.
Exception Attributes: array (
  'class' => 'PagesController',
  'plugin' => NULL,
)
Request URL: /c/lojavirtual/
Stack Trace:
#0 C:\xampp\htdocs\c\lojavirtual\app\webroot\index.php(109): Dispatcher->dispatch(Object(CakeRequest), Object(CakeResponse))
#1 {main}
2013-05-17 14:04:13 Error: [MissingControllerException] Controller class AdminController could not be found.
Exception Attributes: array (
  'class' => 'AdminController',
  'plugin' => NULL,
)
Request URL: /c/lojavirtual/admin/
Stack Trace:
#0 C:\xampp\htdocs\c\lojavirtual\app\webroot\index.php(109): Dispatcher->dispatch(Object(CakeRequest), Object(CakeResponse))
#1 {main}
2013-05-17 14:05:22 Error: [MissingControllerException] Controller class EstatisticasController could not be found.
Exception Attributes: array (
  'class' => 'EstatisticasController',
  'plugin' => NULL,
)
Request URL: /c/lojavirtual/admin/
Stack Trace:
#0 C:\xampp\htdocs\c\lojavirtual\app\webroot\index.php(109): Dispatcher->dispatch(Object(CakeRequest), Object(CakeResponse))
#1 {main}
2013-05-17 14:11:36 Error: [MissingActionException] Action EstatisticasController::admin_index() could not be found.
Exception Attributes: array (
  'controller' => 'EstatisticasController',
  'action' => 'admin_index',
)
Request URL: /c/lojavirtual/admin/
Stack Trace:
#0 C:\xampp\htdocs\c\lojavirtual\lib\Cake\Routing\Dispatcher.php(187): Controller->invokeAction(Object(CakeRequest))
#1 C:\xampp\htdocs\c\lojavirtual\lib\Cake\Routing\Dispatcher.php(162): Dispatcher->_invoke(Object(EstatisticasController), Object(CakeRequest), Object(CakeResponse))
#2 C:\xampp\htdocs\c\lojavirtual\app\webroot\index.php(109): Dispatcher->dispatch(Object(CakeRequest), Object(CakeResponse))
#3 {main}
2013-05-17 14:18:26 Error: [MissingViewException] View file "C:\xampp\htdocs\c\lojavirtual\app\View\Estatisticas\admin_index.ctp" is missing.
Exception Attributes: array (
  'file' => 'C:\\xampp\\htdocs\\c\\lojavirtual\\app\\View\\Estatisticas\\admin_index.ctp',
)
Request URL: /c/lojavirtual/admin/
Stack Trace:
#0 C:\xampp\htdocs\c\lojavirtual\lib\Cake\View\View.php(468): View->_getViewFileName(NULL)
#1 C:\xampp\htdocs\c\lojavirtual\lib\Cake\Controller\Controller.php(948): View->render(NULL, NULL)
#2 C:\xampp\htdocs\c\lojavirtual\lib\Cake\Routing\Dispatcher.php(194): Controller->render()
#3 C:\xampp\htdocs\c\lojavirtual\lib\Cake\Routing\Dispatcher.php(162): Dispatcher->_invoke(Object(EstatisticasController), Object(CakeRequest), Object(CakeResponse))
#4 C:\xampp\htdocs\c\lojavirtual\app\webroot\index.php(109): Dispatcher->dispatch(Object(CakeRequest), Object(CakeResponse))
#5 {main}
